2023-12-02 01:42:04,397 INFO: LAYER: controller [in /home/jonatas/Documentos/S.I IFCE/AP2 - Yuri/Gerentia-API/internal/routes/stock_routes.py:45]
2023-12-02 01:46:23,477 INFO: POST /api/stock/sinc HTTP/1.1 200 [in /home/jonatas/Documentos/S.I IFCE/AP2 - Yuri/Gerentia-API/internal/routes/stock_routes.py:65]
2023-12-02 01:46:23,477 INFO: MID: OK! [in /home/jonatas/Documentos/S.I IFCE/AP2 - Yuri/Gerentia-API/internal/routes/stock_routes.py:66]
2023-12-02 01:46:23,489 INFO: POST /api/stock/sinc HTTP/1.1 422 [in /home/jonatas/Documentos/S.I IFCE/AP2 - Yuri/Gerentia-API/internal/routes/stock_routes.py:42]
2023-12-02 01:46:23,489 INFO: COD: 202 [in /home/jonatas/Documentos/S.I IFCE/AP2 - Yuri/Gerentia-API/internal/routes/stock_routes.py:43]
2023-12-02 01:46:23,489 INFO: MESSAGE: Erro: Registro já sincronizado. [in /home/jonatas/Documentos/S.I IFCE/AP2 - Yuri/Gerentia-API/internal/routes/stock_routes.py:44]
2023-12-02 01:46:23,490 INFO: LAYER: controller [in /home/jonatas/Documentos/S.I IFCE/AP2 - Yuri/Gerentia-API/internal/routes/stock_routes.py:45]
2023-12-02 01:46:23,512 INFO: POST /api/stock/sinc HTTP/1.1 422 [in /home/jonatas/Documentos/S.I IFCE/AP2 - Yuri/Gerentia-API/internal/routes/stock_routes.py:42]
2023-12-02 01:46:23,512 INFO: COD: 202 [in /home/jonatas/Documentos/S.I IFCE/AP2 - Yuri/Gerentia-API/internal/routes/stock_routes.py:43]
2023-12-02 01:46:23,513 INFO: MESSAGE: Erro: Registro já sincronizado. [in /home/jonatas/Documentos/S.I IFCE/AP2 - Yuri/Gerentia-API/internal/routes/stock_routes.py:44]
2023-12-02 01:46:23,514 INFO: LAYER: controller [in /home/jonatas/Documentos/S.I IFCE/AP2 - Yuri/Gerentia-API/internal/routes/stock_routes.py:45]
2023-12-02 01:48:06,118 INFO: POST /api/stock/sinc HTTP/1.1 200 [in /home/jonatas/Documentos/S.I IFCE/AP2 - Yuri/Gerentia-API/internal/routes/stock_routes.py:65]
2023-12-02 01:48:06,126 INFO: MID: OK! [in /home/jonatas/Documentos/S.I IFCE/AP2 - Yuri/Gerentia-API/internal/routes/stock_routes.py:66]
2023-12-02 01:48:06,156 INFO: POST /api/stock/sinc HTTP/1.1 200 [in /home/jonatas/Documentos/S.I IFCE/AP2 - Yuri/Gerentia-API/internal/routes/stock_routes.py:65]
2023-12-02 01:48:06,157 INFO: MID: OK! [in /home/jonatas/Documentos/S.I IFCE/AP2 - Yuri/Gerentia-API/internal/routes/stock_routes.py:66]
2023-12-02 01:57:22,557 INFO: POST /api/stock/sinc HTTP/1.1 200 [in /home/jonatas/Documentos/S.I IFCE/AP2 - Yuri/Gerentia-API/internal/routes/stock_routes.py:65]
2023-12-02 01:57:22,558 INFO: MID: OK! [in /home/jonatas/Documentos/S.I IFCE/AP2 - Yuri/Gerentia-API/internal/routes/stock_routes.py:66]
2023-12-02 01:57:22,589 INFO: POST /api/stock/sinc HTTP/1.1 200 [in /home/jonatas/Documentos/S.I IFCE/AP2 - Yuri/Gerentia-API/internal/routes/stock_routes.py:65]
2023-12-02 01:57:22,590 INFO: MID: OK! [in /home/jonatas/Documentos/S.I IFCE/AP2 - Yuri/Gerentia-API/internal/routes/stock_routes.py:66]
2023-12-02 01:58:10,739 INFO: POST /api/stock/sinc HTTP/1.1 200 [in /home/jonatas/Documentos/S.I IFCE/AP2 - Yuri/Gerentia-API/internal/routes/stock_routes.py:65]
2023-12-02 01:58:10,739 INFO: MID: OK! [in /home/jonatas/Documentos/S.I IFCE/AP2 - Yuri/Gerentia-API/internal/routes/stock_routes.py:66]
2023-12-02 02:09:28,177 INFO: POST /api/stock/sinc HTTP/1.1 200 [in /home/jonatas/Documentos/S.I IFCE/AP2 - Yuri/Gerentia-API/internal/routes/stock_routes.py:65]
2023-12-02 02:09:28,177 INFO: MID: OK! [in /home/jonatas/Documentos/S.I IFCE/AP2 - Yuri/Gerentia-API/internal/routes/stock_routes.py:66]
2023-12-02 02:09:46,263 INFO: POST /api/stock/sinc HTTP/1.1 200 [in /home/jonatas/Documentos/S.I IFCE/AP2 - Yuri/Gerentia-API/internal/routes/stock_routes.py:65]
2023-12-02 02:09:46,263 INFO: MID: OK! [in /home/jonatas/Documentos/S.I IFCE/AP2 - Yuri/Gerentia-API/internal/routes/stock_routes.py:66]
2023-12-02 02:13:32,041 INFO: POST /api/stock/sinc HTTP/1.1 200 [in /home/jonatas/Documentos/S.I IFCE/AP2 - Yuri/Gerentia-API/internal/routes/stock_routes.py:65]
2023-12-02 02:13:32,042 INFO: MID: OK! [in /home/jonatas/Documentos/S.I IFCE/AP2 - Yuri/Gerentia-API/internal/routes/stock_routes.py:66]
2023-12-02 02:13:34,414 INFO: POST /api/stock/sinc HTTP/1.1 200 [in /home/jonatas/Documentos/S.I IFCE/AP2 - Yuri/Gerentia-API/internal/routes/stock_routes.py:65]
2023-12-02 02:13:34,414 INFO: MID: OK! [in /home/jonatas/Documentos/S.I IFCE/AP2 - Yuri/Gerentia-API/internal/routes/stock_routes.py:66]
2023-12-02 02:15:37,257 INFO: POST /api/stock/sinc HTTP/1.1 200 [in /home/jonatas/Documentos/S.I IFCE/AP2 - Yuri/Gerentia-API/internal/routes/stock_routes.py:65]
2023-12-02 02:15:37,257 INFO: MID: OK! [in /home/jonatas/Documentos/S.I IFCE/AP2 - Yuri/Gerentia-API/internal/routes/stock_routes.py:66]
2023-12-02 02:17:13,047 INFO: POST /api/stock/sinc HTTP/1.1 200 [in /home/jonatas/Documentos/S.I IFCE/AP2 - Yuri/Gerentia-API/internal/routes/stock_routes.py:65]
2023-12-02 02:17:13,048 INFO: MID: OK! [in /home/jonatas/Documentos/S.I IFCE/AP2 - Yuri/Gerentia-API/internal/routes/stock_routes.py:66]
2023-12-02 02:17:13,088 INFO: POST /api/stock/sinc HTTP/1.1 200 [in /home/jonatas/Documentos/S.I IFCE/AP2 - Yuri/Gerentia-API/internal/routes/stock_routes.py:65]
2023-12-02 02:17:13,090 INFO: MID: OK! [in /home/jonatas/Documentos/S.I IFCE/AP2 - Yuri/Gerentia-API/internal/routes/stock_routes.py:66]
2024-09-26 12:24:08,942 INFO: GET /api/stock/local HTTP/1.1 200 [in /home/john/Documents/Github/Gerentia-API/internal/routes/stock_routes.py:84]
2024-09-26 12:39:23,371 INFO: GET /api/stock/local HTTP/1.1 200 [in /home/john/Documents/Github/Gerentia-API/internal/routes/stock_routes.py:86]
2024-09-26 12:40:56,184 INFO: GET /api/stock/local HTTP/1.1 200 [in /home/john/Documents/Github/Gerentia-API/internal/routes/stock_routes.py:86]
2024-09-26 12:41:59,185 INFO: GET /api/stock/local HTTP/1.1 200 [in /home/john/Documents/Github/Gerentia-API/internal/routes/stock_routes.py:86]
2024-09-26 12:42:57,925 INFO: GET /api/stock/local HTTP/1.1 200 [in /home/john/Documents/Github/Gerentia-API/internal/routes/stock_routes.py:86]
2024-09-26 12:45:04,457 INFO: GET /api/stock/local HTTP/1.1 200 [in /home/john/Documents/Github/Gerentia-API/internal/routes/stock_routes.py:86]
2024-09-26 12:46:45,605 INFO: GET /api/stock/local HTTP/1.1 200 [in /home/john/Documents/Github/Gerentia-API/internal/routes/stock_routes.py:84]
